<?xml version="1.0" encoding="UTF-8"?>
<!-- Generated by org.testng.reporters.JUnitReportReporter -->
<testsuite hostname="DESKTOP-HT32ADA" failures="0" tests="3" name="com.qa.opencart.tests.LoginPageTest" time="3.151" errors="0" timestamp="06 Nov 2023 05:17:22 GMT" skipped="0">
  <testcase classname="com.qa.opencart.tests.LoginPageTest" name="loginPageUrlTest" time="0.010"/>
  <testcase classname="com.qa.opencart.tests.LoginPageTest" name="loginPageTitleTest" time="0.015"/>
  <testcase classname="com.qa.opencart.tests.LoginPageTest" name="doLoginTest" time="3.126"/>
</testsuite> <!-- com.qa.opencart.tests.LoginPageTest -->
