<?xml version="1.0" encoding="UTF-8"?>
<!-- Generated by org.testng.reporters.JUnitReportReporter -->
<testsuite hostname="DESKTOP-CPGO373" failures="0" tests="3" name="com.qa.opencart.tests.LoginPageTest" time="3.282" errors="0" timestamp="05 Nov 2023 15:58:42 GMT" skipped="0">
  <testcase classname="com.qa.opencart.tests.LoginPageTest" name="doLoginTest" time="3.260"/>
  <testcase classname="com.qa.opencart.tests.LoginPageTest" name="loginPageTitleTest" time="0.006"/>
  <testcase classname="com.qa.opencart.tests.LoginPageTest" name="loginPageUrlTest" time="0.016"/>
</testsuite> <!-- com.qa.opencart.tests.LoginPageTest -->
