<?xml version="1.0" encoding="UTF-8"?>
<!-- Generated by org.testng.reporters.JUnitReportReporter -->
<testsuite hostname="DESKTOP-HT32ADA" failures="0" tests="3" name="testNgConcepts.HomePageTest" time="0.009" errors="0" timestamp="01 Nov 2023 05:31:25 GMT" skipped="0">
  <testcase classname="testNgConcepts.HomePageTest" name="homePageURLTest" time="0.001"/>
  <testcase classname="testNgConcepts.HomePageTest" name="homePageSearchTest" time="0.006"/>
  <testcase classname="testNgConcepts.HomePageTest" name="homePageTitleTest" time="0.002"/>
</testsuite> <!-- testNgConcepts.HomePageTest -->
