<?xml version="1.0" encoding="UTF-8"?>
<!-- Generated by org.testng.reporters.JUnitReportReporter -->
<testsuite hostname="DESKTOP-HT32ADA" failures="0" tests="3" name="testNgConcepts.TC06_loginNegativeTest" time="6.957" errors="0" timestamp="01 Nov 2023 07:55:31 GMT" skipped="0">
  <testcase classname="testNgConcepts.TC06_loginNegativeTest" name="loginTest" time="2.271"/>
  <testcase classname="testNgConcepts.TC06_loginNegativeTest" name="loginTest" time="2.439"/>
  <testcase classname="testNgConcepts.TC06_loginNegativeTest" name="loginTest" time="2.247"/>
</testsuite> <!-- testNgConcepts.TC06_loginNegativeTest -->
