<?xml version="1.0" encoding="UTF-8"?>
<!-- Generated by org.testng.reporters.JUnitReportReporter -->
<testsuite hostname="DESKTOP-HT32ADA" failures="0" tests="3" name="testNgConcepts.AmazonTest" time="0.716" errors="0" timestamp="01 Nov 2023 05:55:50 GMT" skipped="0">
  <testcase classname="testNgConcepts.AmazonTest" name="searchExistTest" time="0.053"/>
  <testcase classname="testNgConcepts.AmazonTest" name="titleTest" time="0.007"/>
  <testcase classname="testNgConcepts.AmazonTest" name="isHelpExistTest" time="0.656"/>
</testsuite> <!-- testNgConcepts.AmazonTest -->
