<?xml version="1.0" encoding="UTF-8"?>
<!-- Generated by org.testng.reporters.JUnitReportReporter -->
<testsuite hostname="DESKTOP-HT32ADA" failures="0" tests="3" name="testNgConcepts.AmazonTestWithBeforeMethod" time="13.428" errors="0" timestamp="01 Nov 2023 06:32:38 GMT" skipped="0">
  <testcase classname="testNgConcepts.AmazonTestWithBeforeMethod" name="titleTest" time="4.358"/>
  <testcase classname="testNgConcepts.AmazonTestWithBeforeMethod" name="searchExistTest" time="4.004"/>
  <testcase classname="testNgConcepts.AmazonTestWithBeforeMethod" name="isHelpExistTest" time="5.066"/>
</testsuite> <!-- testNgConcepts.AmazonTestWithBeforeMethod -->
