<?xml version="1.0" encoding="UTF-8"?>
<!-- Generated by org.testng.reporters.JUnitReportReporter -->
<testsuite hostname="DESKTOP-HT32ADA" failures="0" tests="5" name="testNgConcepts.PriorityTest" time="0.016" errors="0" timestamp="01 Nov 2023 06:53:22 GMT" skipped="0">
  <testcase classname="testNgConcepts.PriorityTest" name="d_test" time="0.012"/>
  <testcase classname="testNgConcepts.PriorityTest" name="e_test" time="0.001"/>
  <testcase classname="testNgConcepts.PriorityTest" name="a_test" time="0.001"/>
  <testcase classname="testNgConcepts.PriorityTest" name="c_test" time="0.001"/>
  <testcase classname="testNgConcepts.PriorityTest" name="b_test" time="0.001"/>
</testsuite> <!-- testNgConcepts.PriorityTest -->
